CRITICAL - 2025-04-28 00:43:57 --> CodeIgniter\View\Exceptions\ViewException: Invalid file: "pages/terms-uses.php"
[Method: GET, Route: terms-uses]
in SYSTEMPATH\Exceptions\FrameworkException.php on line 39.
 1 SYSTEMPATH\View\View.php(212): CodeIgniter\Exceptions\FrameworkException::forInvalidFile('pages/terms-uses.php')
 2 SYSTEMPATH\Common.php(1173): CodeIgniter\View\View->render('pages/terms-uses', [], true)
 3 APPPATH\Controllers\Home.php(29): view('pages/terms-uses', [...])
 4 SYSTEMPATH\CodeIgniter.php(933): App\Controllers\Home->terms_uses()
 5 SYSTEMPATH\CodeIgniter.php(507): CodeIgniter\CodeIgniter->runController(Object(App\Controllers\Home))
 6 SYSTEMPATH\CodeIgniter.php(354): CodeIgniter\CodeIgniter->handleRequest(null, Object(Config\Cache), false)
 7 SYSTEMPATH\Boot.php(334): CodeIgniter\CodeIgniter->run()
 8 SYSTEMPATH\Boot.php(67): CodeIgniter\Boot::runCodeIgniter(Object(CodeIgniter\CodeIgniter))
 9 FCPATH\index.php(56): CodeIgniter\Boot::bootWeb(Object(Config\Paths))
CRITICAL - 2025-04-28 00:58:17 --> ErrorException: Cannot redeclare App\Controllers\Home::contact()
[Method: GET, Route: /]
in APPPATH\Controllers\Home.php on line 40.
 1 [internal function]: CodeIgniter\Debug\Exceptions->shutdownHandler()
CRITICAL - 2025-04-28 00:58:21 --> ErrorException: Cannot redeclare App\Controllers\Home::contact()
[Method: GET, Route: /]
in APPPATH\Controllers\Home.php on line 40.
 1 [internal function]: CodeIgniter\Debug\Exceptions->shutdownHandler()
CRITICAL - 2025-04-28 00:58:23 --> ErrorException: Cannot redeclare App\Controllers\Home::contact()
[Method: GET, Route: comercialization]
in APPPATH\Controllers\Home.php on line 40.
 1 [internal function]: CodeIgniter\Debug\Exceptions->shutdownHandler()
CRITICAL - 2025-04-28 00:58:24 --> ErrorException: Cannot redeclare App\Controllers\Home::contact()
[Method: GET, Route: about]
in APPPATH\Controllers\Home.php on line 40.
 1 [internal function]: CodeIgniter\Debug\Exceptions->shutdownHandler()
CRITICAL - 2025-04-28 00:58:25 --> ErrorException: Cannot redeclare App\Controllers\Home::contact()
[Method: GET, Route: terms-uses]
in APPPATH\Controllers\Home.php on line 40.
 1 [internal function]: CodeIgniter\Debug\Exceptions->shutdownHandler()
CRITICAL - 2025-04-28 00:58:26 --> ErrorException: Cannot redeclare App\Controllers\Home::contact()
[Method: GET, Route: contact]
in APPPATH\Controllers\Home.php on line 40.
 1 [internal function]: CodeIgniter\Debug\Exceptions->shutdownHandler()
